<?xml version="1.0" encoding="UTF-8"?>
<testng-results skipped="0" failed="0" ignored="0" total="1" passed="1">
  <reporter-output>
  </reporter-output>
  <suite name="Default suite" duration-ms="19231" started-at="2020-04-13T15:35:49Z" finished-at="2020-04-13T15:36:08Z">
    <groups>
    </groups>
    <test name="Default test" duration-ms="19231" started-at="2020-04-13T15:35:49Z" finished-at="2020-04-13T15:36:08Z">
      <class name="pkg.verifylogin">
        <test-method status="PASS" signature="f()[pri:0, instance:pkg.verifylogin@4501b7af]" name="f" duration-ms="19177" started-at="2020-04-13T15:35:49Z" finished-at="2020-04-13T15:36:08Z">
          <reporter-output>
          </reporter-output>
        </test-method> <!-- f -->
      </class> <!-- pkg.verifylogin -->
    </test> <!-- Default test -->
  </suite> <!-- Default suite -->
</testng-results>
